<?xml version="1.0" encoding="UTF-8" ?>
<testsuite tests="14" failures="0" name="test.java.test.nz.ac.wgtn.swen301.assignment1.TestStudentManager" time="4.754" errors="0" skipped="0">
  <properties>
[...]
</properties>
  <testcase classname="test.java.test.nz.ac.wgtn.swen301.assignment1.TestStudentManager" name="testPerformance" time="2.039"/>
  <testcase classname="test.java.test.nz.ac.wgtn.swen301.assignment1.TestStudentManager" name="test_getAllDegree" time="0.234"/>
  <testcase classname="test.java.test.nz.ac.wgtn.swen301.assignment1.TestStudentManager" name="test_getAllStudent" time="0.239"/>
  <testcase classname="test.java.test.nz.ac.wgtn.swen301.assignment1.TestStudentManager" name="dummyTest" time="0.216"/>
  <testcase classname="test.java.test.nz.ac.wgtn.swen301.assignment1.TestStudentManager" name="test_readStudent1" time="0.207"/>
  <testcase classname="test.java.test.nz.ac.wgtn.swen301.assignment1.TestStudentManager" name="test_readStudent2" time="0.201"/>
  <testcase classname="test.java.test.nz.ac.wgtn.swen301.assignment1.TestStudentManager" name="test_readStudent3" time="0.226"/>
  <testcase classname="test.java.test.nz.ac.wgtn.swen301.assignment1.TestStudentManager" name="test_updateStudent1" time="0.204"/>
  <testcase classname="test.java.test.nz.ac.wgtn.swen301.assignment1.TestStudentManager" name="test_readDegree1" time="0.21"/>
  <testcase classname="test.java.test.nz.ac.wgtn.swen301.assignment1.TestStudentManager" name="test_readDegree2" time="0.203"/>
  <testcase classname="test.java.test.nz.ac.wgtn.swen301.assignment1.TestStudentManager" name="test_readDegree3" time="0.195"/>
  <testcase classname="test.java.test.nz.ac.wgtn.swen301.assignment1.TestStudentManager" name="wtest_writeStudent" time="0.191"/>
  <testcase classname="test.java.test.nz.ac.wgtn.swen301.assignment1.TestStudentManager" name="wtest_writeStudent1" time="0.193"/>
  <testcase classname="test.java.test.nz.ac.wgtn.swen301.assignment1.TestStudentManager" name="test_deleteStudent1" time="0.196"/>
</testsuite>